<?xml version="1.0" encoding="UTF-8"?>
<!-- Generated by org.testng.reporters.JUnitXMLReporter -->
<testsuite ignored="51" hostname="Patel-G" failures="0" tests="1" name="Default test" time="0.072" errors="0" timestamp="2024-10-04T18:27:58 IST">
  <testcase classname="StringPromrams.StringPrograms" name="anagramString2" time="0.015"/>
  <testcase classname="StringPromrams.StringPrograms" name="removeDuplicates3" time="0.0">
    <ignored/>
  </testcase> <!-- removeDuplicates3 -->
  <testcase classname="StringPromrams.StringPrograms" name="removeWhiteSpaces3" time="0.0">
    <ignored/>
  </testcase> <!-- removeWhiteSpaces3 -->
  <testcase classname="StringPromrams.StringPrograms" name="printVowelsAndConsonants3" time="0.0">
    <ignored/>
  </testcase> <!-- printVowelsAndConsonants3 -->
  <testcase classname="StringPromrams.StringPrograms" name="removeDuplicates" time="0.0">
    <ignored/>
  </testcase> <!-- removeDuplicates -->
  <testcase classname="StringPromrams.StringPrograms" name="replaceVowelsWithSpace" time="0.0">
    <ignored/>
  </testcase> <!-- replaceVowelsWithSpace -->
  <testcase classname="StringPromrams.StringPrograms" name="reverseString" time="0.0">
    <ignored/>
  </testcase> <!-- reverseString -->
  <testcase classname="StringPromrams.StringPrograms" name="replaceCharecter" time="0.0">
    <ignored/>
  </testcase> <!-- replaceCharecter -->
  <testcase classname="StringPromrams.StringPrograms" name="anagramString" time="0.0">
    <ignored/>
  </testcase> <!-- anagramString -->
  <testcase classname="StringPromrams.StringPrograms" name="verifyWordInsideString" time="0.0">
    <ignored/>
  </testcase> <!-- verifyWordInsideString -->
  <testcase classname="StringPromrams.StringPrograms" name="replaceVowelsWithSpace3" time="0.0">
    <ignored/>
  </testcase> <!-- replaceVowelsWithSpace3 -->
  <testcase classname="StringPromrams.StringPrograms" name="polindromeString2" time="0.0">
    <ignored/>
  </testcase> <!-- polindromeString2 -->
  <testcase classname="StringPromrams.StringPrograms" name="substringOfString" time="0.0">
    <ignored/>
  </testcase> <!-- substringOfString -->
  <testcase classname="StringPromrams.StringPrograms" name="lenthOfString" time="0.0">
    <ignored/>
  </testcase> <!-- lenthOfString -->
  <testcase classname="StringPromrams.StringPrograms" name="polindromeString" time="0.0">
    <ignored/>
  </testcase> <!-- polindromeString -->
  <testcase classname="StringPromrams.StringPrograms" name="reverseString3" time="0.0">
    <ignored/>
  </testcase> <!-- reverseString3 -->
  <testcase classname="StringPromrams.StringPrograms" name="reverseTheWords" time="0.0">
    <ignored/>
  </testcase> <!-- reverseTheWords -->
  <testcase classname="StringPromrams.StringPrograms" name="toLowerCase" time="0.0">
    <ignored/>
  </testcase> <!-- toLowerCase -->
  <testcase classname="StringPromrams.StringPrograms" name="reverseTheWords2" time="0.0">
    <ignored/>
  </testcase> <!-- reverseTheWords2 -->
  <testcase classname="StringPromrams.StringPrograms" name="largestPalindrome2" time="0.0">
    <ignored/>
  </testcase> <!-- largestPalindrome2 -->
  <testcase classname="StringPromrams.StringPrograms" name="toLowerCase2" time="0.0">
    <ignored/>
  </testcase> <!-- toLowerCase2 -->
  <testcase classname="StringPromrams.StringPrograms" name="toUpperCase" time="0.0">
    <ignored/>
  </testcase> <!-- toUpperCase -->
  <testcase classname="StringPromrams.StringPrograms" name="removeWhiteSpaces4" time="0.0">
    <ignored/>
  </testcase> <!-- removeWhiteSpaces4 -->
  <testcase classname="StringPromrams.StringPrograms" name="duplicateVowels2" time="0.0">
    <ignored/>
  </testcase> <!-- duplicateVowels2 -->
  <testcase classname="StringPromrams.StringPrograms" name="removeDuplicates2" time="0.0">
    <ignored/>
  </testcase> <!-- removeDuplicates2 -->
  <testcase classname="StringPromrams.StringPrograms" name="removeWhiteSpaces2" time="0.0">
    <ignored/>
  </testcase> <!-- removeWhiteSpaces2 -->
  <testcase classname="StringPromrams.StringPrograms" name="printVowelsAndConsonants2" time="0.0">
    <ignored/>
  </testcase> <!-- printVowelsAndConsonants2 -->
  <testcase classname="StringPromrams.StringPrograms" name="maxFrequencyCharacter" time="0.0">
    <ignored/>
  </testcase> <!-- maxFrequencyCharacter -->
  <testcase classname="StringPromrams.StringPrograms" name="reverseAlternativeWords2" time="0.0">
    <ignored/>
  </testcase> <!-- reverseAlternativeWords2 -->
  <testcase classname="StringPromrams.StringPrograms" name="lenthOfString2" time="0.0">
    <ignored/>
  </testcase> <!-- lenthOfString2 -->
  <testcase classname="StringPromrams.StringPrograms" name="largestWordInString2" time="0.0">
    <ignored/>
  </testcase> <!-- largestWordInString2 -->
  <testcase classname="StringPromrams.StringPrograms" name="replaceVowelsWithSpace2" time="0.0">
    <ignored/>
  </testcase> <!-- replaceVowelsWithSpace2 -->
  <testcase classname="StringPromrams.StringPrograms" name="freqyencyOfWords" time="0.0">
    <ignored/>
  </testcase> <!-- freqyencyOfWords -->
  <testcase classname="StringPromrams.StringPrograms" name="lasrgestPalindrome" time="0.0">
    <ignored/>
  </testcase> <!-- lasrgestPalindrome -->
  <testcase classname="StringPromrams.StringPrograms" name="toUpperCase2" time="0.0">
    <ignored/>
  </testcase> <!-- toUpperCase2 -->
  <testcase classname="StringPromrams.StringPrograms" name="smallestPalindrome3" time="0.0">
    <ignored/>
  </testcase> <!-- smallestPalindrome3 -->
  <testcase classname="StringPromrams.StringPrograms" name="removeWhiteSpaces" time="0.0">
    <ignored/>
  </testcase> <!-- removeWhiteSpaces -->
  <testcase classname="StringPromrams.StringPrograms" name="reverseAlternativeWords3" time="0.0">
    <ignored/>
  </testcase> <!-- reverseAlternativeWords3 -->
  <testcase classname="StringPromrams.StringPrograms" name="countSpaces2" time="0.0">
    <ignored/>
  </testcase> <!-- countSpaces2 -->
  <testcase classname="StringPromrams.StringPrograms" name="countSpaces" time="0.0">
    <ignored/>
  </testcase> <!-- countSpaces -->
  <testcase classname="StringPromrams.StringPrograms" name="reverseAlternativeWords" time="0.0">
    <ignored/>
  </testcase> <!-- reverseAlternativeWords -->
  <testcase classname="StringPromrams.StringPrograms" name="largestWordInString" time="0.0">
    <ignored/>
  </testcase> <!-- largestWordInString -->
  <testcase classname="StringPromrams.StringPrograms" name="smallestPalindrome2" time="0.0">
    <ignored/>
  </testcase> <!-- smallestPalindrome2 -->
  <testcase classname="StringPromrams.StringPrograms" name="smallestPalindrome" time="0.0">
    <ignored/>
  </testcase> <!-- smallestPalindrome -->
  <testcase classname="StringPromrams.StringPrograms" name="reverseEachAndEveryWord" time="0.0">
    <ignored/>
  </testcase> <!-- reverseEachAndEveryWord -->
  <testcase classname="StringPromrams.StringPrograms" name="smallestWordInString" time="0.0">
    <ignored/>
  </testcase> <!-- smallestWordInString -->
  <testcase classname="StringPromrams.StringPrograms" name="frequencyCharacter" time="0.0">
    <ignored/>
  </testcase> <!-- frequencyCharacter -->
  <testcase classname="StringPromrams.StringPrograms" name="reverseString2" time="0.0">
    <ignored/>
  </testcase> <!-- reverseString2 -->
  <testcase classname="StringPromrams.StringPrograms" name="printVowelsAndConsonants" time="0.0">
    <ignored/>
  </testcase> <!-- printVowelsAndConsonants -->
  <testcase classname="StringPromrams.StringPrograms" name="duplicateVowels" time="0.0">
    <ignored/>
  </testcase> <!-- duplicateVowels -->
  <testcase classname="StringPromrams.StringPrograms" name="lexicographicalStrings" time="0.0">
    <ignored/>
  </testcase> <!-- lexicographicalStrings -->
  <testcase classname="StringPromrams.StringPrograms" name="swapFirstAndLast" time="0.0">
    <ignored/>
  </testcase> <!-- swapFirstAndLast -->
</testsuite> <!-- Default test -->
